<?xml version="1.0" encoding="UTF-8"?>
<coverage generated="1762826058257" clover="3.2.0">
  <project timestamp="1762826058257" name="All files">
    <metrics statements="211" coveredstatements="182" conditionals="106" coveredconditionals="64" methods="71" coveredmethods="53" elements="388" coveredelements="299" complexity="0" loc="211" ncloc="211" packages="7" files="18" classes="18"/>
    <package name="src">
      <metrics statements="6" coveredstatements="6" conditionals="2" coveredconditionals="2" methods="2" coveredmethods="2"/>
      <file name="App.css" path="C:\Users\perit\infnet\react\gestao-academia\src\App.css">
        <metrics statements="0" coveredstatements="0" conditionals="0" coveredconditionals="0" methods="0" coveredmethods="0"/>
      </file>
      <file name="App.jsx" path="C:\Users\perit\infnet\react\gestao-academia\src\App.jsx">
        <metrics statements="6" coveredstatements="6" conditionals="2" coveredconditionals="2" methods="2" coveredmethods="2"/>
        <line num="12" count="2" type="stmt"/>
        <line num="13" count="11" type="cond" truecount="2" falsecount="0"/>
        <line num="14" count="3" type="stmt"/>
        <line num="15" count="3" type="stmt"/>
        <line num="20" count="11" type="stmt"/>
        <line num="22" count="11" type="stmt"/>
      </file>
    </package>
    <package name="src.components">
      <metrics statements="55" coveredstatements="45" conditionals="46" coveredconditionals="29" methods="23" coveredmethods="15"/>
      <file name="ClienteTabela.jsx" path="C:\Users\perit\infnet\react\gestao-academia\src\components\ClienteTabela.jsx">
        <metrics statements="7" coveredstatements="6" conditionals="14" coveredconditionals="7" methods="4" coveredmethods="3"/>
        <line num="21" count="2" type="stmt"/>
        <line num="29" count="11" type="stmt"/>
        <line num="31" count="11" type="stmt"/>
        <line num="48" count="10" type="cond" truecount="1" falsecount="1"/>
        <line num="50" count="10" type="stmt"/>
        <line num="77" count="0" type="stmt"/>
        <line num="88" count="1" type="stmt"/>
      </file>
      <file name="FormularioCliente.jsx" path="C:\Users\perit\infnet\react\gestao-academia\src\components\FormularioCliente.jsx">
        <metrics statements="35" coveredstatements="27" conditionals="26" coveredconditionals="16" methods="15" coveredmethods="9"/>
        <line num="19" count="3" type="stmt"/>
        <line num="26" count="71" type="stmt"/>
        <line num="29" count="71" type="stmt"/>
        <line num="31" count="71" type="stmt"/>
        <line num="34" count="71" type="stmt"/>
        <line num="35" count="10" type="stmt"/>
        <line num="36" count="10" type="cond" truecount="1" falsecount="1"/>
        <line num="38" count="10" type="stmt"/>
        <line num="39" count="10" type="stmt"/>
        <line num="40" count="0" type="stmt"/>
        <line num="41" count="0" type="stmt"/>
        <line num="43" count="10" type="cond" truecount="1" falsecount="1"/>
        <line num="46" count="10" type="stmt"/>
        <line num="47" count="10" type="stmt"/>
        <line num="51" count="10" type="stmt"/>
        <line num="53" count="0" type="cond" truecount="0" falsecount="2"/>
        <line num="54" count="0" type="stmt"/>
        <line num="58" count="71" type="cond" truecount="1" falsecount="0"/>
        <line num="63" count="71" type="stmt"/>
        <line num="64" count="4" type="stmt"/>
        <line num="65" count="4" type="cond" truecount="2" falsecount="0"/>
        <line num="66" count="1" type="stmt"/>
        <line num="67" count="1" type="stmt"/>
        <line num="70" count="4" type="stmt"/>
        <line num="71" count="3" type="cond" truecount="1" falsecount="1"/>
        <line num="74" count="4" type="stmt"/>
        <line num="77" count="71" type="stmt"/>
        <line num="100" count="41" type="stmt"/>
        <line num="111" count="2" type="stmt"/>
        <line num="126" count="0" type="stmt"/>
        <line num="128" count="0" type="cond" truecount="0" falsecount="2"/>
        <line num="129" count="0" type="stmt"/>
        <line num="130" count="0" type="stmt"/>
        <line num="143" count="86" type="stmt"/>
        <line num="157" count="1" type="stmt"/>
      </file>
      <file name="Layout.jsx" path="C:\Users\perit\infnet\react\gestao-academia\src\components\Layout.jsx">
        <metrics statements="8" coveredstatements="7" conditionals="4" coveredconditionals="4" methods="3" coveredmethods="2"/>
        <line num="7" count="1" type="stmt"/>
        <line num="9" count="11" type="stmt"/>
        <line num="10" count="11" type="stmt"/>
        <line num="12" count="11" type="stmt"/>
        <line num="13" count="1" type="stmt"/>
        <line num="14" count="1" type="stmt"/>
        <line num="17" count="11" type="stmt"/>
        <line num="45" count="0" type="stmt"/>
      </file>
      <file name="ProtectedRoute.jsx" path="C:\Users\perit\infnet\react\gestao-academia\src\components\ProtectedRoute.jsx">
        <metrics statements="5" coveredstatements="5" conditionals="2" coveredconditionals="2" methods="1" coveredmethods="1"/>
        <line num="7" count="1" type="stmt"/>
        <line num="8" count="4" type="stmt"/>
        <line num="10" count="4" type="cond" truecount="2" falsecount="0"/>
        <line num="13" count="2" type="stmt"/>
        <line num="17" count="2" type="stmt"/>
      </file>
    </package>
    <package name="src.context">
      <metrics statements="70" coveredstatements="58" conditionals="34" coveredconditionals="16" methods="22" coveredmethods="18"/>
      <file name="AuthContext.js" path="C:\Users\perit\infnet\react\gestao-academia\src\context\AuthContext.js">
        <metrics statements="0" coveredstatements="0" conditionals="0" coveredconditionals="0" methods="0" coveredmethods="0"/>
      </file>
      <file name="AuthContext.jsx" path="C:\Users\perit\infnet\react\gestao-academia\src\context\AuthContext.jsx">
        <metrics statements="13" coveredstatements="12" conditionals="2" coveredconditionals="1" methods="4" coveredmethods="4"/>
        <line num="5" count="2" type="stmt"/>
        <line num="8" count="2" type="stmt"/>
        <line num="9" count="10" type="stmt"/>
        <line num="12" count="10" type="stmt"/>
        <line num="13" count="2" type="stmt"/>
        <line num="16" count="10" type="stmt"/>
        <line num="17" count="1" type="stmt"/>
        <line num="21" count="10" type="stmt"/>
        <line num="29" count="2" type="stmt"/>
        <line num="30" count="21" type="stmt"/>
        <line num="31" count="21" type="cond" truecount="1" falsecount="1"/>
        <line num="32" count="0" type="stmt"/>
        <line num="34" count="21" type="stmt"/>
      </file>
      <file name="ClienteContext.js" path="C:\Users\perit\infnet\react\gestao-academia\src\context\ClienteContext.js">
        <metrics statements="0" coveredstatements="0" conditionals="0" coveredconditionals="0" methods="0" coveredmethods="0"/>
      </file>
      <file name="ClienteContext.jsx" path="C:\Users\perit\infnet\react\gestao-academia\src\context\ClienteContext.jsx">
        <metrics statements="57" coveredstatements="46" conditionals="32" coveredconditionals="15" methods="18" coveredmethods="14"/>
        <line num="7" count="3" type="stmt"/>
        <line num="9" count="3" type="stmt"/>
        <line num="10" count="18" type="stmt"/>
        <line num="11" count="18" type="stmt"/>
        <line num="13" count="18" type="stmt"/>
        <line num="14" count="18" type="stmt"/>
        <line num="15" count="18" type="stmt"/>
        <line num="16" count="18" type="stmt"/>
        <line num="23" count="18" type="stmt"/>
        <line num="26" count="9" type="stmt"/>
        <line num="27" count="8" type="stmt"/>
        <line num="31" count="18" type="stmt"/>
        <line num="32" count="3" type="stmt"/>
        <line num="33" count="3" type="stmt"/>
        <line num="39" count="18" type="stmt"/>
        <line num="41" count="2" type="cond" truecount="1" falsecount="1"/>
        <line num="42" count="0" type="stmt"/>
        <line num="44" count="2" type="stmt"/>
        <line num="48" count="1" type="cond" truecount="1" falsecount="1"/>
        <line num="49" count="1" type="stmt"/>
        <line num="53" count="1" type="cond" truecount="1" falsecount="1"/>
        <line num="54" count="0" type="stmt"/>
        <line num="57" count="1" type="stmt"/>
        <line num="59" count="1" type="stmt"/>
        <line num="62" count="1" type="stmt"/>
        <line num="67" count="18" type="stmt"/>
        <line num="69" count="1" type="stmt"/>
        <line num="72" count="1" type="stmt"/>
        <line num="73" count="1" type="stmt"/>
        <line num="76" count="0" type="stmt"/>
        <line num="81" count="18" type="stmt"/>
        <line num="83" count="2" type="cond" truecount="1" falsecount="1"/>
        <line num="85" count="2" type="cond" truecount="1" falsecount="1"/>
        <line num="86" count="0" type="stmt"/>
        <line num="87" count="0" type="stmt"/>
        <line num="91" count="2" type="cond" truecount="2" falsecount="2"/>
        <line num="93" count="2" type="cond" truecount="1" falsecount="1"/>
        <line num="95" count="0" type="cond" truecount="0" falsecount="4"/>
        <line num="96" count="0" type="stmt"/>
        <line num="97" count="0" type="stmt"/>
        <line num="101" count="2" type="cond" truecount="1" falsecount="1"/>
        <line num="102" count="0" type="stmt"/>
        <line num="103" count="0" type="stmt"/>
        <line num="107" count="2" type="stmt"/>
        <line num="110" count="18" type="stmt"/>
        <line num="112" count="1" type="cond" truecount="1" falsecount="1"/>
        <line num="113" count="1" type="cond" truecount="1" falsecount="1"/>
        <line num="115" count="1" type="cond" truecount="1" falsecount="1"/>
        <line num="116" count="1" type="stmt"/>
        <line num="120" count="18" type="stmt"/>
        <line num="121" count="18" type="stmt"/>
        <line num="123" count="18" type="stmt"/>
        <line num="157" count="3" type="stmt"/>
        <line num="158" count="129" type="stmt"/>
        <line num="159" count="129" type="cond" truecount="1" falsecount="1"/>
        <line num="160" count="0" type="stmt"/>
        <line num="162" count="129" type="stmt"/>
      </file>
    </package>
    <package name="src.hooks">
      <metrics statements="26" coveredstatements="25" conditionals="10" coveredconditionals="6" methods="6" coveredmethods="6"/>
      <file name="useClienteForm.js" path="C:\Users\perit\infnet\react\gestao-academia\src\hooks\useClienteForm.js">
        <metrics statements="18" coveredstatements="17" conditionals="10" coveredconditionals="6" methods="2" coveredmethods="2"/>
        <line num="4" count="3" type="stmt"/>
        <line num="7" count="71" type="stmt"/>
        <line num="8" count="71" type="stmt"/>
        <line num="9" count="71" type="stmt"/>
        <line num="11" count="71" type="stmt"/>
        <line num="14" count="71" type="stmt"/>
        <line num="17" count="11" type="cond" truecount="2" falsecount="0"/>
        <line num="19" count="1" type="stmt"/>
        <line num="20" count="1" type="stmt"/>
        <line num="21" count="1" type="stmt"/>
        <line num="23" count="1" type="cond" truecount="2" falsecount="2"/>
        <line num="24" count="0" type="cond" truecount="0" falsecount="2"/>
        <line num="26" count="1" type="cond" truecount="2" falsecount="0"/>
        <line num="30" count="10" type="stmt"/>
        <line num="31" count="10" type="stmt"/>
        <line num="32" count="10" type="stmt"/>
        <line num="33" count="10" type="stmt"/>
        <line num="43" count="71" type="stmt"/>
      </file>
      <file name="useDebounce.js" path="C:\Users\perit\infnet\react\gestao-academia\src\hooks\useDebounce.js">
        <metrics statements="8" coveredstatements="8" conditionals="0" coveredconditionals="0" methods="4" coveredmethods="4"/>
        <line num="5" count="4" type="stmt"/>
        <line num="7" count="28" type="stmt"/>
        <line num="9" count="28" type="stmt"/>
        <line num="11" count="15" type="stmt"/>
        <line num="13" count="4" type="stmt"/>
        <line num="19" count="15" type="stmt"/>
        <line num="20" count="15" type="stmt"/>
        <line num="25" count="28" type="stmt"/>
      </file>
    </package>
    <package name="src.mocks">
      <metrics statements="18" coveredstatements="16" conditionals="2" coveredconditionals="1" methods="7" coveredmethods="5"/>
      <file name="handlers.js" path="C:\Users\perit\infnet\react\gestao-academia\src\mocks\handlers.js">
        <metrics statements="17" coveredstatements="15" conditionals="2" coveredconditionals="1" methods="7" coveredmethods="5"/>
        <line num="7" count="6" type="stmt"/>
        <line num="11" count="6" type="stmt"/>
        <line num="15" count="9" type="stmt"/>
        <line num="16" count="9" type="stmt"/>
        <line num="17" count="9" type="stmt"/>
        <line num="18" count="9" type="cond" truecount="1" falsecount="1"/>
        <line num="19" count="0" type="stmt"/>
        <line num="21" count="9" type="stmt"/>
        <line num="26" count="1" type="stmt"/>
        <line num="27" count="1" type="stmt"/>
        <line num="28" count="1" type="stmt"/>
        <line num="29" count="1" type="stmt"/>
        <line num="34" count="2" type="stmt"/>
        <line num="35" count="1" type="stmt"/>
        <line num="40" count="6" type="stmt"/>
        <line num="44" count="6" type="stmt"/>
        <line num="47" count="0" type="stmt"/>
      </file>
      <file name="server.js" path="C:\Users\perit\infnet\react\gestao-academia\src\mocks\server.js">
        <metrics statements="1" coveredstatements="1" conditionals="0" coveredconditionals="0" methods="0" coveredmethods="0"/>
        <line num="6" count="6" type="stmt"/>
      </file>
    </package>
    <package name="src.pages">
      <metrics statements="35" coveredstatements="31" conditionals="12" coveredconditionals="10" methods="11" coveredmethods="7"/>
      <file name="InstrutoresPage.jsx" path="C:\Users\perit\infnet\react\gestao-academia\src\pages\InstrutoresPage.jsx">
        <metrics statements="24" coveredstatements="21" conditionals="10" coveredconditionals="8" methods="7" coveredmethods="4"/>
        <line num="6" count="2" type="stmt"/>
        <line num="9" count="3" type="stmt"/>
        <line num="13" count="3" type="cond" truecount="1" falsecount="1"/>
        <line num="14" count="3" type="stmt"/>
        <line num="15" count="0" type="stmt"/>
        <line num="21" count="3" type="stmt"/>
        <line num="22" count="3" type="stmt"/>
        <line num="24" count="0" type="stmt"/>
        <line num="25" count="0" type="stmt"/>
        <line num="28" count="3" type="cond" truecount="1" falsecount="1"/>
        <line num="29" count="3" type="stmt"/>
        <line num="33" count="3" type="stmt"/>
        <line num="35" count="3" type="stmt"/>
        <line num="46" count="1" type="stmt"/>
        <line num="50" count="2" type="cond" truecount="2" falsecount="0"/>
        <line num="51" count="2" type="stmt"/>
        <line num="55" count="2" type="stmt"/>
        <line num="61" count="6" type="stmt"/>
        <line num="66" count="6" type="cond" truecount="2" falsecount="0"/>
        <line num="67" count="3" type="stmt"/>
        <line num="70" count="3" type="cond" truecount="2" falsecount="0"/>
        <line num="71" count="2" type="stmt"/>
        <line num="74" count="1" type="stmt"/>
        <line num="79" count="2" type="stmt"/>
      </file>
      <file name="ListagemClientes.jsx" path="C:\Users\perit\infnet\react\gestao-academia\src\pages\ListagemClientes.jsx">
        <metrics statements="4" coveredstatements="3" conditionals="2" coveredconditionals="2" methods="2" coveredmethods="1"/>
        <line num="10" count="2" type="stmt"/>
        <line num="18" count="11" type="stmt"/>
        <line num="20" count="11" type="stmt"/>
        <line num="44" count="0" type="stmt"/>
      </file>
      <file name="LoginPage.jsx" path="C:\Users\perit\infnet\react\gestao-academia\src\pages\LoginPage.jsx">
        <metrics statements="7" coveredstatements="7" conditionals="0" coveredconditionals="0" methods="2" coveredmethods="2"/>
        <line num="7" count="1" type="stmt"/>
        <line num="9" count="6" type="stmt"/>
        <line num="10" count="6" type="stmt"/>
        <line num="12" count="6" type="stmt"/>
        <line num="13" count="2" type="stmt"/>
        <line num="14" count="2" type="stmt"/>
        <line num="17" count="6" type="stmt"/>
      </file>
    </package>
    <package name="src.services">
      <metrics statements="1" coveredstatements="1" conditionals="0" coveredconditionals="0" methods="0" coveredmethods="0"/>
      <file name="api.js" path="C:\Users\perit\infnet\react\gestao-academia\src\services\api.js">
        <metrics statements="1" coveredstatements="1" conditionals="0" coveredconditionals="0" methods="0" coveredmethods="0"/>
        <line num="4" count="3" type="stmt"/>
      </file>
    </package>
  </project>
</coverage>
