{"C:\\Users\\perit\\infnet\\react\\gestao-academia\\src\\App.css": {"path":"C:\\Users\\perit\\infnet\\react\\gestao-academia\\src\\App.css","statementMap":{},"fnMap":{},"branchMap":{},"s":{},"f":{},"b":{},"meta":{"lastBranch":0,"lastFunction":0,"lastStatement":0,"seen":{}}}
,"C:\\Users\\perit\\infnet\\react\\gestao-academia\\src\\App.jsx": {"path":"C:\\Users\\perit\\infnet\\react\\gestao-academia\\src\\App.jsx","statementMap":{"0":{"start":{"line":12,"column":17},"end":{"line":16,"column":null}},"1":{"start":{"line":13,"column":2},"end":{"line":13,"column":null}},"2":{"start":{"line":13,"column":14},"end":{"line":13,"column":null}},"3":{"start":{"line":14,"column":20},"end":{"line":14,"column":null}},"4":{"start":{"line":15,"column":2},"end":{"line":15,"column":null}},"5":{"start":{"line":20,"column":19},"end":{"line":20,"column":null}},"6":{"start":{"line":22,"column":2},"end":{"line":33,"column":null}}},"fnMap":{"0":{"name":"(anonymous_0)","decl":{"start":{"line":12,"column":17},"end":{"line":12,"column":18}},"loc":{"start":{"line":12,"column":38},"end":{"line":16,"column":null}},"line":12},"1":{"name":"App","decl":{"start":{"line":19,"column":9},"end":{"line":19,"column":15}},"loc":{"start":{"line":19,"column":15},"end":{"line":35,"column":null}},"line":19}},"branchMap":{"0":{"loc":{"start":{"line":13,"column":2},"end":{"line":13,"column":null}},"type":"if","locations":[{"start":{"line":13,"column":2},"end":{"line":13,"column":null}},{"start":{},"end":{}}],"line":13}},"s":{"0":2,"1":11,"2":8,"3":3,"4":3,"5":11,"6":11},"f":{"0":11,"1":11},"b":{"0":[8,3]},"meta":{"lastBranch":1,"lastFunction":2,"lastStatement":7,"seen":{"s:12:17:16:Infinity":0,"f:12:17:12:18":0,"b:13:2:13:Infinity:undefined:undefined:undefined:undefined":0,"s:13:2:13:Infinity":1,"s:13:14:13:Infinity":2,"s:14:20:14:Infinity":3,"s:15:2:15:Infinity":4,"f:19:9:19:15":1,"s:20:19:20:Infinity":5,"s:22:2:33:Infinity":6}}}
,"C:\\Users\\perit\\infnet\\react\\gestao-academia\\src\\components\\ClienteTabela.jsx": {"path":"C:\\Users\\perit\\infnet\\react\\gestao-academia\\src\\components\\ClienteTabela.jsx","statementMap":{"0":{"start":{"line":21,"column":22},"end":{"line":109,"column":null}},"1":{"start":{"line":29,"column":2},"end":{"line":29,"column":null}},"2":{"start":{"line":31,"column":2},"end":{"line":107,"column":null}},"3":{"start":{"line":48,"column":38},"end":{"line":48,"column":null}},"4":{"start":{"line":50,"column":12},"end":{"line":102,"column":null}},"5":{"start":{"line":77,"column":35},"end":{"line":77,"column":null}},"6":{"start":{"line":88,"column":35},"end":{"line":88,"column":null}}},"fnMap":{"0":{"name":"(anonymous_0)","decl":{"start":{"line":21,"column":22},"end":{"line":21,"column":23}},"loc":{"start":{"line":21,"column":40},"end":{"line":109,"column":null}},"line":21},"1":{"name":"(anonymous_1)","decl":{"start":{"line":46,"column":24},"end":{"line":46,"column":35}},"loc":{"start":{"line":46,"column":35},"end":{"line":104,"column":11}},"line":46},"2":{"name":"(anonymous_2)","decl":{"start":{"line":77,"column":29},"end":{"line":77,"column":35}},"loc":{"start":{"line":77,"column":35},"end":{"line":77,"column":null}},"line":77},"3":{"name":"(anonymous_3)","decl":{"start":{"line":88,"column":29},"end":{"line":88,"column":35}},"loc":{"start":{"line":88,"column":35},"end":{"line":88,"column":null}},"line":88}},"branchMap":{"0":{"loc":{"start":{"line":48,"column":38},"end":{"line":48,"column":null}},"type":"binary-expr","locations":[{"start":{"line":48,"column":38},"end":{"line":48,"column":52}},{"start":{"line":48,"column":52},"end":{"line":48,"column":null}}],"line":48},"1":{"loc":{"start":{"line":56,"column":19},"end":{"line":70,"column":null}},"type":"cond-expr","locations":[{"start":{"line":57,"column":20},"end":{"line":67,"column":null}},{"start":{"line":70,"column":20},"end":{"line":70,"column":null}}],"line":56},"2":{"loc":{"start":{"line":57,"column":20},"end":{"line":67,"column":null}},"type":"cond-expr","locations":[{"start":{"line":59,"column":22},"end":{"line":59,"column":null}},{"start":{"line":62,"column":22},"end":{"line":67,"column":null}}],"line":57},"3":{"loc":{"start":{"line":63,"column":25},"end":{"line":64,"column":null}},"type":"binary-expr","locations":[{"start":{"line":63,"column":25},"end":{"line":63,"column":null}},{"start":{"line":64,"column":26},"end":{"line":64,"column":null}}],"line":63},"4":{"loc":{"start":{"line":81,"column":30},"end":{"line":81,"column":null}},"type":"binary-expr","locations":[{"start":{"line":81,"column":30},"end":{"line":81,"column":51}},{"start":{"line":81,"column":51},"end":{"line":81,"column":null}}],"line":81},"5":{"loc":{"start":{"line":92,"column":30},"end":{"line":92,"column":null}},"type":"binary-expr","locations":[{"start":{"line":92,"column":30},"end":{"line":92,"column":51}},{"start":{"line":92,"column":51},"end":{"line":92,"column":null}}],"line":92},"6":{"loc":{"start":{"line":95,"column":21},"end":{"line":98,"column":null}},"type":"cond-expr","locations":[{"start":{"line":96,"column":22},"end":{"line":96,"column":null}},{"start":{"line":98,"column":22},"end":{"line":98,"column":null}}],"line":95}},"s":{"0":2,"1":11,"2":11,"3":10,"4":10,"5":0,"6":1},"f":{"0":11,"1":10,"2":0,"3":1},"b":{"0":[10,0],"1":[0,10],"2":[0,0],"3":[0,0],"4":[10,10],"5":[10,10],"6":[0,10]},"meta":{"lastBranch":7,"lastFunction":4,"lastStatement":7,"seen":{"s:21:22:109:Infinity":0,"f:21:22:21:23":0,"s:29:2:29:Infinity":1,"s:31:2:107:Infinity":2,"f:46:24:46:35":1,"s:48:38:48:Infinity":3,"b:48:38:48:52:48:52:48:Infinity":0,"s:50:12:102:Infinity":4,"b:57:20:67:Infinity:70:20:70:Infinity":1,"b:59:22:59:Infinity:62:22:67:Infinity":2,"b:63:25:63:Infinity:64:26:64:Infinity":3,"f:77:29:77:35":2,"s:77:35:77:Infinity":5,"b:81:30:81:51:81:51:81:Infinity":4,"f:88:29:88:35":3,"s:88:35:88:Infinity":6,"b:92:30:92:51:92:51:92:Infinity":5,"b:96:22:96:Infinity:98:22:98:Infinity":6}}}
,"C:\\Users\\perit\\infnet\\react\\gestao-academia\\src\\components\\FormularioCliente.jsx": {"path":"C:\\Users\\perit\\infnet\\react\\gestao-academia\\src\\components\\FormularioCliente.jsx","statementMap":{"0":{"start":{"line":19,"column":26},"end":{"line":192,"column":null}},"1":{"start":{"line":26,"column":2},"end":{"line":26,"column":null}},"2":{"start":{"line":29,"column":26},"end":{"line":29,"column":null}},"3":{"start":{"line":31,"column":85},"end":{"line":31,"column":null}},"4":{"start":{"line":34,"column":27},"end":{"line":56,"column":null}},"5":{"start":{"line":35,"column":28},"end":{"line":35,"column":null}},"6":{"start":{"line":36,"column":4},"end":{"line":36,"column":null}},"7":{"start":{"line":36,"column":16},"end":{"line":36,"column":null}},"8":{"start":{"line":36,"column":55},"end":{"line":36,"column":78}},"9":{"start":{"line":38,"column":27},"end":{"line":44,"column":null}},"10":{"start":{"line":39,"column":17},"end":{"line":42,"column":null}},"11":{"start":{"line":40,"column":8},"end":{"line":40,"column":null}},"12":{"start":{"line":41,"column":8},"end":{"line":41,"column":null}},"13":{"start":{"line":43,"column":6},"end":{"line":43,"column":null}},"14":{"start":{"line":43,"column":18},"end":{"line":43,"column":null}},"15":{"start":{"line":43,"column":57},"end":{"line":43,"column":73}},"16":{"start":{"line":46,"column":4},"end":{"line":55,"column":null}},"17":{"start":{"line":47,"column":23},"end":{"line":50,"column":null}},"18":{"start":{"line":51,"column":6},"end":{"line":51,"column":null}},"19":{"start":{"line":53,"column":6},"end":{"line":53,"column":null}},"20":{"start":{"line":54,"column":6},"end":{"line":54,"column":null}},"21":{"start":{"line":58,"column":64},"end":{"line":61,"column":null}},"22":{"start":{"line":63,"column":23},"end":{"line":75,"column":null}},"23":{"start":{"line":64,"column":4},"end":{"line":64,"column":null}},"24":{"start":{"line":65,"column":4},"end":{"line":68,"column":null}},"25":{"start":{"line":66,"column":6},"end":{"line":66,"column":null}},"26":{"start":{"line":67,"column":6},"end":{"line":67,"column":null}},"27":{"start":{"line":70,"column":30},"end":{"line":70,"column":null}},"28":{"start":{"line":70,"column":52},"end":{"line":70,"column":73}},"29":{"start":{"line":71,"column":29},"end":{"line":71,"column":null}},"30":{"start":{"line":74,"column":4},"end":{"line":74,"column":null}},"31":{"start":{"line":77,"column":2},"end":{"line":190,"column":null}},"32":{"start":{"line":100,"column":25},"end":{"line":100,"column":null}},"33":{"start":{"line":111,"column":27},"end":{"line":111,"column":null}},"34":{"start":{"line":126,"column":27},"end":{"line":126,"column":null}},"35":{"start":{"line":128,"column":12},"end":{"line":128,"column":null}},"36":{"start":{"line":128,"column":27},"end":{"line":128,"column":null}},"37":{"start":{"line":129,"column":22},"end":{"line":129,"column":null}},"38":{"start":{"line":129,"column":44},"end":{"line":129,"column":64}},"39":{"start":{"line":130,"column":12},"end":{"line":136,"column":null}},"40":{"start":{"line":143,"column":12},"end":{"line":146,"column":null}},"41":{"start":{"line":157,"column":27},"end":{"line":157,"column":null}}},"fnMap":{"0":{"name":"(anonymous_0)","decl":{"start":{"line":19,"column":26},"end":{"line":19,"column":32}},"loc":{"start":{"line":19,"column":32},"end":{"line":192,"column":null}},"line":19},"1":{"name":"(anonymous_1)","decl":{"start":{"line":34,"column":27},"end":{"line":34,"column":34}},"loc":{"start":{"line":34,"column":49},"end":{"line":56,"column":null}},"line":34},"2":{"name":"(anonymous_2)","decl":{"start":{"line":36,"column":49},"end":{"line":36,"column":55}},"loc":{"start":{"line":36,"column":55},"end":{"line":36,"column":78}},"line":36},"3":{"name":"(anonymous_3)","decl":{"start":{"line":38,"column":39},"end":{"line":38,"column":40}},"loc":{"start":{"line":38,"column":54},"end":{"line":44,"column":5}},"line":38},"4":{"name":"(anonymous_4)","decl":{"start":{"line":39,"column":28},"end":{"line":39,"column":34}},"loc":{"start":{"line":39,"column":34},"end":{"line":42,"column":9}},"line":39},"5":{"name":"(anonymous_5)","decl":{"start":{"line":43,"column":51},"end":{"line":43,"column":57}},"loc":{"start":{"line":43,"column":57},"end":{"line":43,"column":73}},"line":43},"6":{"name":"(anonymous_6)","decl":{"start":{"line":63,"column":23},"end":{"line":63,"column":30}},"loc":{"start":{"line":63,"column":40},"end":{"line":75,"column":null}},"line":63},"7":{"name":"(anonymous_7)","decl":{"start":{"line":70,"column":47},"end":{"line":70,"column":52}},"loc":{"start":{"line":70,"column":52},"end":{"line":70,"column":73}},"line":70},"8":{"name":"(anonymous_8)","decl":{"start":{"line":100,"column":18},"end":{"line":100,"column":19}},"loc":{"start":{"line":100,"column":25},"end":{"line":100,"column":null}},"line":100},"9":{"name":"(anonymous_9)","decl":{"start":{"line":111,"column":20},"end":{"line":111,"column":21}},"loc":{"start":{"line":111,"column":27},"end":{"line":111,"column":null}},"line":111},"10":{"name":"(anonymous_10)","decl":{"start":{"line":126,"column":20},"end":{"line":126,"column":21}},"loc":{"start":{"line":126,"column":27},"end":{"line":126,"column":null}},"line":126},"11":{"name":"(anonymous_11)","decl":{"start":{"line":127,"column":23},"end":{"line":127,"column":24}},"loc":{"start":{"line":127,"column":37},"end":{"line":138,"column":null}},"line":127},"12":{"name":"(anonymous_12)","decl":{"start":{"line":129,"column":39},"end":{"line":129,"column":44}},"loc":{"start":{"line":129,"column":44},"end":{"line":129,"column":64}},"line":129},"13":{"name":"(anonymous_13)","decl":{"start":{"line":141,"column":27},"end":{"line":141,"column":null}},"loc":{"start":{"line":143,"column":12},"end":{"line":146,"column":null}},"line":143},"14":{"name":"(anonymous_14)","decl":{"start":{"line":157,"column":20},"end":{"line":157,"column":21}},"loc":{"start":{"line":157,"column":27},"end":{"line":157,"column":null}},"line":157}},"branchMap":{"0":{"loc":{"start":{"line":36,"column":4},"end":{"line":36,"column":null}},"type":"if","locations":[{"start":{"line":36,"column":4},"end":{"line":36,"column":null}},{"start":{},"end":{}}],"line":36},"1":{"loc":{"start":{"line":43,"column":6},"end":{"line":43,"column":null}},"type":"if","locations":[{"start":{"line":43,"column":6},"end":{"line":43,"column":null}},{"start":{},"end":{}}],"line":43},"2":{"loc":{"start":{"line":53,"column":50},"end":{"line":53,"column":68}},"type":"binary-expr","locations":[{"start":{"line":53,"column":50},"end":{"line":53,"column":57}},{"start":{"line":53,"column":57},"end":{"line":53,"column":68}}],"line":53},"3":{"loc":{"start":{"line":58,"column":16},"end":{"line":58,"column":34}},"type":"default-arg","locations":[{"start":{"line":58,"column":30},"end":{"line":58,"column":34}}],"line":58},"4":{"loc":{"start":{"line":65,"column":4},"end":{"line":68,"column":null}},"type":"if","locations":[{"start":{"line":65,"column":4},"end":{"line":68,"column":null}},{"start":{},"end":{}}],"line":65},"5":{"loc":{"start":{"line":71,"column":29},"end":{"line":71,"column":null}},"type":"cond-expr","locations":[{"start":{"line":71,"column":49},"end":{"line":71,"column":128}},{"start":{"line":71,"column":128},"end":{"line":71,"column":null}}],"line":71},"6":{"loc":{"start":{"line":92,"column":9},"end":{"line":92,"column":null}},"type":"cond-expr","locations":[{"start":{"line":92,"column":27},"end":{"line":92,"column":65}},{"start":{"line":92,"column":65},"end":{"line":92,"column":null}}],"line":92},"7":{"loc":{"start":{"line":120,"column":39},"end":{"line":120,"column":null}},"type":"binary-expr","locations":[{"start":{"line":120,"column":39},"end":{"line":120,"column":51}},{"start":{"line":120,"column":51},"end":{"line":120,"column":null}}],"line":120},"8":{"loc":{"start":{"line":128,"column":12},"end":{"line":128,"column":null}},"type":"if","locations":[{"start":{"line":128,"column":12},"end":{"line":128,"column":null}},{"start":{},"end":{}}],"line":128},"9":{"loc":{"start":{"line":132,"column":17},"end":{"line":133,"column":null}},"type":"binary-expr","locations":[{"start":{"line":132,"column":17},"end":{"line":132,"column":22}},{"start":{"line":132,"column":22},"end":{"line":132,"column":null}},{"start":{"line":133,"column":18},"end":{"line":133,"column":null}}],"line":132},"10":{"loc":{"start":{"line":173,"column":11},"end":{"line":175,"column":null}},"type":"cond-expr","locations":[{"start":{"line":174,"column":14},"end":{"line":174,"column":null}},{"start":{"line":175,"column":15},"end":{"line":175,"column":null}}],"line":173},"11":{"loc":{"start":{"line":175,"column":15},"end":{"line":175,"column":null}},"type":"cond-expr","locations":[{"start":{"line":175,"column":33},"end":{"line":175,"column":47}},{"start":{"line":175,"column":47},"end":{"line":175,"column":null}}],"line":175},"12":{"loc":{"start":{"line":179,"column":9},"end":{"line":187,"column":null}},"type":"binary-expr","locations":[{"start":{"line":179,"column":9},"end":{"line":179,"column":null}},{"start":{"line":180,"column":10},"end":{"line":187,"column":null}}],"line":179}},"s":{"0":3,"1":71,"2":71,"3":71,"4":71,"5":10,"6":10,"7":10,"8":0,"9":10,"10":10,"11":0,"12":0,"13":10,"14":10,"15":0,"16":10,"17":10,"18":10,"19":0,"20":0,"21":71,"22":71,"23":4,"24":4,"25":1,"26":1,"27":3,"28":4,"29":3,"30":4,"31":71,"32":41,"33":2,"34":0,"35":0,"36":0,"37":0,"38":0,"39":0,"40":86,"41":1},"f":{"0":71,"1":10,"2":0,"3":10,"4":0,"5":0,"6":4,"7":4,"8":41,"9":2,"10":0,"11":0,"12":0,"13":86,"14":1},"b":{"0":[10,0],"1":[10,0],"2":[0,0],"3":[71],"4":[1,3],"5":[0,3],"6":[2,69],"7":[71,70],"8":[0,0],"9":[0,0,0],"10":[1,70],"11":[2,68],"12":[71,2]},"meta":{"lastBranch":13,"lastFunction":15,"lastStatement":42,"seen":{"s:19:26:192:Infinity":0,"f:19:26:19:32":0,"s:26:2:26:Infinity":1,"s:29:26:29:Infinity":2,"s:31:85:31:Infinity":3,"s:34:27:56:Infinity":4,"f:34:27:34:34":1,"s:35:28:35:Infinity":5,"b:36:4:36:Infinity:undefined:undefined:undefined:undefined":0,"s:36:4:36:Infinity":6,"s:36:16:36:Infinity":7,"f:36:49:36:55":2,"s:36:55:36:78":8,"s:38:27:44:Infinity":9,"f:38:39:38:40":3,"s:39:17:42:Infinity":10,"f:39:28:39:34":4,"s:40:8:40:Infinity":11,"s:41:8:41:Infinity":12,"b:43:6:43:Infinity:undefined:undefined:undefined:undefined":1,"s:43:6:43:Infinity":13,"s:43:18:43:Infinity":14,"f:43:51:43:57":5,"s:43:57:43:73":15,"s:46:4:55:Infinity":16,"s:47:23:50:Infinity":17,"s:51:6:51:Infinity":18,"s:53:6:53:Infinity":19,"b:53:50:53:57:53:57:53:68":2,"s:54:6:54:Infinity":20,"s:58:64:61:Infinity":21,"b:58:30:58:34":3,"s:63:23:75:Infinity":22,"f:63:23:63:30":6,"s:64:4:64:Infinity":23,"b:65:4:68:Infinity:undefined:undefined:undefined:undefined":4,"s:65:4:68:Infinity":24,"s:66:6:66:Infinity":25,"s:67:6:67:Infinity":26,"s:70:30:70:Infinity":27,"f:70:47:70:52":7,"s:70:52:70:73":28,"s:71:29:71:Infinity":29,"b:71:49:71:128:71:128:71:Infinity":5,"s:74:4:74:Infinity":30,"s:77:2:190:Infinity":31,"b:92:27:92:65:92:65:92:Infinity":6,"f:100:18:100:19":8,"s:100:25:100:Infinity":32,"f:111:20:111:21":9,"s:111:27:111:Infinity":33,"b:120:39:120:51:120:51:120:Infinity":7,"f:126:20:126:21":10,"s:126:27:126:Infinity":34,"f:127:23:127:24":11,"b:128:12:128:Infinity:undefined:undefined:undefined:undefined":8,"s:128:12:128:Infinity":35,"s:128:27:128:Infinity":36,"s:129:22:129:Infinity":37,"f:129:39:129:44":12,"s:129:44:129:64":38,"s:130:12:136:Infinity":39,"b:132:17:132:22:132:22:132:Infinity:133:18:133:Infinity":9,"f:141:27:141:Infinity":13,"s:143:12:146:Infinity":40,"f:157:20:157:21":14,"s:157:27:157:Infinity":41,"b:174:14:174:Infinity:175:15:175:Infinity":10,"b:175:33:175:47:175:47:175:Infinity":11,"b:179:9:179:Infinity:180:10:187:Infinity":12}}}
,"C:\\Users\\perit\\infnet\\react\\gestao-academia\\src\\components\\Layout.jsx": {"path":"C:\\Users\\perit\\infnet\\react\\gestao-academia\\src\\components\\Layout.jsx","statementMap":{"0":{"start":{"line":7,"column":15},"end":{"line":63,"column":null}},"1":{"start":{"line":9,"column":34},"end":{"line":9,"column":null}},"2":{"start":{"line":10,"column":8},"end":{"line":10,"column":null}},"3":{"start":{"line":12,"column":23},"end":{"line":15,"column":null}},"4":{"start":{"line":13,"column":4},"end":{"line":13,"column":null}},"5":{"start":{"line":14,"column":4},"end":{"line":14,"column":null}},"6":{"start":{"line":17,"column":2},"end":{"line":61,"column":null}},"7":{"start":{"line":45,"column":27},"end":{"line":45,"column":null}}},"fnMap":{"0":{"name":"(anonymous_0)","decl":{"start":{"line":7,"column":15},"end":{"line":7,"column":21}},"loc":{"start":{"line":7,"column":21},"end":{"line":63,"column":null}},"line":7},"1":{"name":"(anonymous_1)","decl":{"start":{"line":12,"column":23},"end":{"line":12,"column":29}},"loc":{"start":{"line":12,"column":29},"end":{"line":15,"column":null}},"line":12},"2":{"name":"(anonymous_2)","decl":{"start":{"line":45,"column":21},"end":{"line":45,"column":27}},"loc":{"start":{"line":45,"column":27},"end":{"line":45,"column":null}},"line":45}},"branchMap":{"0":{"loc":{"start":{"line":29,"column":11},"end":{"line":33,"column":null}},"type":"binary-expr","locations":[{"start":{"line":29,"column":11},"end":{"line":29,"column":null}},{"start":{"line":30,"column":12},"end":{"line":33,"column":null}}],"line":29},"1":{"loc":{"start":{"line":38,"column":9},"end":{"line":49,"column":null}},"type":"cond-expr","locations":[{"start":{"line":39,"column":10},"end":{"line":41,"column":null}},{"start":{"line":43,"column":10},"end":{"line":49,"column":null}}],"line":38}},"s":{"0":1,"1":11,"2":11,"3":11,"4":1,"5":1,"6":11,"7":0},"f":{"0":11,"1":1,"2":0},"b":{"0":[11,4],"1":[4,7]},"meta":{"lastBranch":2,"lastFunction":3,"lastStatement":8,"seen":{"s:7:15:63:Infinity":0,"f:7:15:7:21":0,"s:9:34:9:Infinity":1,"s:10:8:10:Infinity":2,"s:12:23:15:Infinity":3,"f:12:23:12:29":1,"s:13:4:13:Infinity":4,"s:14:4:14:Infinity":5,"s:17:2:61:Infinity":6,"b:29:11:29:Infinity:30:12:33:Infinity":0,"b:39:10:41:Infinity:43:10:49:Infinity":1,"f:45:21:45:27":2,"s:45:27:45:Infinity":7}}}
,"C:\\Users\\perit\\infnet\\react\\gestao-academia\\src\\components\\ProtectedRoute.jsx": {"path":"C:\\Users\\perit\\infnet\\react\\gestao-academia\\src\\components\\ProtectedRoute.jsx","statementMap":{"0":{"start":{"line":7,"column":23},"end":{"line":18,"column":null}},"1":{"start":{"line":8,"column":26},"end":{"line":8,"column":null}},"2":{"start":{"line":10,"column":2},"end":{"line":14,"column":null}},"3":{"start":{"line":13,"column":4},"end":{"line":13,"column":null}},"4":{"start":{"line":17,"column":2},"end":{"line":17,"column":null}}},"fnMap":{"0":{"name":"(anonymous_0)","decl":{"start":{"line":7,"column":23},"end":{"line":7,"column":24}},"loc":{"start":{"line":7,"column":41},"end":{"line":18,"column":null}},"line":7}},"branchMap":{"0":{"loc":{"start":{"line":10,"column":2},"end":{"line":14,"column":null}},"type":"if","locations":[{"start":{"line":10,"column":2},"end":{"line":14,"column":null}},{"start":{},"end":{}}],"line":10}},"s":{"0":1,"1":4,"2":4,"3":2,"4":2},"f":{"0":4},"b":{"0":[2,2]},"meta":{"lastBranch":1,"lastFunction":1,"lastStatement":5,"seen":{"s:7:23:18:Infinity":0,"f:7:23:7:24":0,"s:8:26:8:Infinity":1,"b:10:2:14:Infinity:undefined:undefined:undefined:undefined":0,"s:10:2:14:Infinity":2,"s:13:4:13:Infinity":3,"s:17:2:17:Infinity":4}}}
,"C:\\Users\\perit\\infnet\\react\\gestao-academia\\src\\context\\AuthContext.js": {"path":"C:\\Users\\perit\\infnet\\react\\gestao-academia\\src\\context\\AuthContext.js","statementMap":{},"fnMap":{},"branchMap":{},"s":{},"f":{},"b":{},"meta":{"lastBranch":0,"lastFunction":0,"lastStatement":0,"seen":{}}}
,"C:\\Users\\perit\\infnet\\react\\gestao-academia\\src\\context\\AuthContext.jsx": {"path":"C:\\Users\\perit\\infnet\\react\\gestao-academia\\src\\context\\AuthContext.jsx","statementMap":{"0":{"start":{"line":5,"column":6},"end":{"line":5,"column":null}},"1":{"start":{"line":8,"column":28},"end":{"line":26,"column":null}},"2":{"start":{"line":9,"column":44},"end":{"line":9,"column":null}},"3":{"start":{"line":12,"column":16},"end":{"line":14,"column":null}},"4":{"start":{"line":13,"column":4},"end":{"line":13,"column":null}},"5":{"start":{"line":16,"column":17},"end":{"line":18,"column":null}},"6":{"start":{"line":17,"column":4},"end":{"line":17,"column":null}},"7":{"start":{"line":21,"column":2},"end":{"line":24,"column":null}},"8":{"start":{"line":29,"column":23},"end":{"line":35,"column":null}},"9":{"start":{"line":30,"column":8},"end":{"line":30,"column":null}},"10":{"start":{"line":31,"column":2},"end":{"line":33,"column":null}},"11":{"start":{"line":32,"column":4},"end":{"line":32,"column":null}},"12":{"start":{"line":34,"column":2},"end":{"line":34,"column":null}}},"fnMap":{"0":{"name":"(anonymous_0)","decl":{"start":{"line":8,"column":28},"end":{"line":8,"column":29}},"loc":{"start":{"line":8,"column":46},"end":{"line":26,"column":null}},"line":8},"1":{"name":"(anonymous_1)","decl":{"start":{"line":12,"column":16},"end":{"line":12,"column":22}},"loc":{"start":{"line":12,"column":22},"end":{"line":14,"column":null}},"line":12},"2":{"name":"(anonymous_2)","decl":{"start":{"line":16,"column":17},"end":{"line":16,"column":23}},"loc":{"start":{"line":16,"column":23},"end":{"line":18,"column":null}},"line":16},"3":{"name":"(anonymous_3)","decl":{"start":{"line":29,"column":23},"end":{"line":29,"column":29}},"loc":{"start":{"line":29,"column":29},"end":{"line":35,"column":null}},"line":29}},"branchMap":{"0":{"loc":{"start":{"line":31,"column":2},"end":{"line":33,"column":null}},"type":"if","locations":[{"start":{"line":31,"column":2},"end":{"line":33,"column":null}},{"start":{},"end":{}}],"line":31}},"s":{"0":2,"1":2,"2":10,"3":10,"4":2,"5":10,"6":1,"7":10,"8":2,"9":21,"10":21,"11":0,"12":21},"f":{"0":10,"1":2,"2":1,"3":21},"b":{"0":[0,21]},"meta":{"lastBranch":1,"lastFunction":4,"lastStatement":13,"seen":{"s:5:6:5:Infinity":0,"s:8:28:26:Infinity":1,"f:8:28:8:29":0,"s:9:44:9:Infinity":2,"s:12:16:14:Infinity":3,"f:12:16:12:22":1,"s:13:4:13:Infinity":4,"s:16:17:18:Infinity":5,"f:16:17:16:23":2,"s:17:4:17:Infinity":6,"s:21:2:24:Infinity":7,"s:29:23:35:Infinity":8,"f:29:23:29:29":3,"s:30:8:30:Infinity":9,"b:31:2:33:Infinity:undefined:undefined:undefined:undefined":0,"s:31:2:33:Infinity":10,"s:32:4:32:Infinity":11,"s:34:2:34:Infinity":12}}}
,"C:\\Users\\perit\\infnet\\react\\gestao-academia\\src\\context\\ClienteContext.js": {"path":"C:\\Users\\perit\\infnet\\react\\gestao-academia\\src\\context\\ClienteContext.js","statementMap":{},"fnMap":{},"branchMap":{},"s":{},"f":{},"b":{},"meta":{"lastBranch":0,"lastFunction":0,"lastStatement":0,"seen":{}}}
,"C:\\Users\\perit\\infnet\\react\\gestao-academia\\src\\context\\ClienteContext.jsx": {"path":"C:\\Users\\perit\\infnet\\react\\gestao-academia\\src\\context\\ClienteContext.jsx","statementMap":{"0":{"start":{"line":7,"column":6},"end":{"line":7,"column":null}},"1":{"start":{"line":9,"column":31},"end":{"line":155,"column":null}},"2":{"start":{"line":10,"column":44},"end":{"line":10,"column":null}},"3":{"start":{"line":11,"column":30},"end":{"line":11,"column":null}},"4":{"start":{"line":13,"column":44},"end":{"line":13,"column":null}},"5":{"start":{"line":14,"column":34},"end":{"line":14,"column":null}},"6":{"start":{"line":15,"column":8},"end":{"line":15,"column":null}},"7":{"start":{"line":16,"column":8},"end":{"line":16,"column":null}},"8":{"start":{"line":23,"column":2},"end":{"line":29,"column":null}},"9":{"start":{"line":26,"column":23},"end":{"line":26,"column":null}},"10":{"start":{"line":27,"column":6},"end":{"line":27,"column":null}},"11":{"start":{"line":31,"column":26},"end":{"line":34,"column":null}},"12":{"start":{"line":32,"column":4},"end":{"line":32,"column":null}},"13":{"start":{"line":33,"column":4},"end":{"line":33,"column":null}},"14":{"start":{"line":33,"column":21},"end":{"line":33,"column":59}},"15":{"start":{"line":39,"column":8},"end":{"line":64,"column":null}},"16":{"start":{"line":41,"column":6},"end":{"line":45,"column":null}},"17":{"start":{"line":42,"column":8},"end":{"line":42,"column":null}},"18":{"start":{"line":44,"column":8},"end":{"line":44,"column":null}},"19":{"start":{"line":48,"column":22},"end":{"line":48,"column":null}},"20":{"start":{"line":49,"column":6},"end":{"line":49,"column":null}},"21":{"start":{"line":53,"column":6},"end":{"line":58,"column":null}},"22":{"start":{"line":54,"column":8},"end":{"line":54,"column":null}},"23":{"start":{"line":57,"column":8},"end":{"line":57,"column":null}},"24":{"start":{"line":57,"column":35},"end":{"line":57,"column":40}},"25":{"start":{"line":59,"column":6},"end":{"line":59,"column":null}},"26":{"start":{"line":62,"column":6},"end":{"line":62,"column":null}},"27":{"start":{"line":67,"column":8},"end":{"line":78,"column":null}},"28":{"start":{"line":69,"column":6},"end":{"line":69,"column":null}},"29":{"start":{"line":72,"column":6},"end":{"line":72,"column":null}},"30":{"start":{"line":73,"column":6},"end":{"line":73,"column":null}},"31":{"start":{"line":76,"column":6},"end":{"line":76,"column":null}},"32":{"start":{"line":81,"column":21},"end":{"line":108,"column":null}},"33":{"start":{"line":83,"column":10},"end":{"line":83,"column":null}},"34":{"start":{"line":85,"column":4},"end":{"line":88,"column":null}},"35":{"start":{"line":86,"column":6},"end":{"line":86,"column":null}},"36":{"start":{"line":87,"column":6},"end":{"line":87,"column":null}},"37":{"start":{"line":91,"column":10},"end":{"line":91,"column":null}},"38":{"start":{"line":91,"column":44},"end":{"line":91,"column":105}},"39":{"start":{"line":93,"column":4},"end":{"line":105,"column":null}},"40":{"start":{"line":95,"column":6},"end":{"line":98,"column":null}},"41":{"start":{"line":96,"column":8},"end":{"line":96,"column":null}},"42":{"start":{"line":97,"column":8},"end":{"line":97,"column":null}},"43":{"start":{"line":101,"column":6},"end":{"line":104,"column":null}},"44":{"start":{"line":102,"column":8},"end":{"line":102,"column":null}},"45":{"start":{"line":103,"column":8},"end":{"line":103,"column":null}},"46":{"start":{"line":107,"column":4},"end":{"line":107,"column":null}},"47":{"start":{"line":110,"column":23},"end":{"line":118,"column":null}},"48":{"start":{"line":112,"column":10},"end":{"line":112,"column":null}},"49":{"start":{"line":112,"column":47},"end":{"line":112,"column":65}},"50":{"start":{"line":113,"column":25},"end":{"line":113,"column":null}},"51":{"start":{"line":115,"column":4},"end":{"line":117,"column":null}},"52":{"start":{"line":116,"column":6},"end":{"line":116,"column":null}},"53":{"start":{"line":120,"column":21},"end":{"line":120,"column":null}},"54":{"start":{"line":120,"column":34},"end":{"line":120,"column":null}},"55":{"start":{"line":121,"column":27},"end":{"line":121,"column":null}},"56":{"start":{"line":121,"column":33},"end":{"line":121,"column":null}},"57":{"start":{"line":123,"column":2},"end":{"line":153,"column":null}},"58":{"start":{"line":157,"column":27},"end":{"line":163,"column":null}},"59":{"start":{"line":158,"column":8},"end":{"line":158,"column":null}},"60":{"start":{"line":159,"column":2},"end":{"line":161,"column":null}},"61":{"start":{"line":160,"column":4},"end":{"line":160,"column":null}},"62":{"start":{"line":162,"column":2},"end":{"line":162,"column":null}}},"fnMap":{"0":{"name":"(anonymous_0)","decl":{"start":{"line":9,"column":31},"end":{"line":9,"column":32}},"loc":{"start":{"line":9,"column":49},"end":{"line":155,"column":null}},"line":9},"1":{"name":"(anonymous_1)","decl":{"start":{"line":25,"column":13},"end":{"line":25,"column":20}},"loc":{"start":{"line":25,"column":35},"end":{"line":28,"column":null}},"line":25},"2":{"name":"(anonymous_2)","decl":{"start":{"line":31,"column":26},"end":{"line":31,"column":27}},"loc":{"start":{"line":31,"column":43},"end":{"line":34,"column":null}},"line":31},"3":{"name":"(anonymous_3)","decl":{"start":{"line":33,"column":15},"end":{"line":33,"column":21}},"loc":{"start":{"line":33,"column":21},"end":{"line":33,"column":59}},"line":33},"4":{"name":"(anonymous_4)","decl":{"start":{"line":40,"column":16},"end":{"line":40,"column":17}},"loc":{"start":{"line":40,"column":34},"end":{"line":46,"column":null}},"line":40},"5":{"name":"(anonymous_5)","decl":{"start":{"line":47,"column":15},"end":{"line":47,"column":21}},"loc":{"start":{"line":47,"column":21},"end":{"line":60,"column":null}},"line":47},"6":{"name":"(anonymous_6)","decl":{"start":{"line":57,"column":27},"end":{"line":57,"column":35}},"loc":{"start":{"line":57,"column":35},"end":{"line":57,"column":40}},"line":57},"7":{"name":"(anonymous_7)","decl":{"start":{"line":61,"column":13},"end":{"line":61,"column":19}},"loc":{"start":{"line":61,"column":19},"end":{"line":63,"column":null}},"line":61},"8":{"name":"(anonymous_8)","decl":{"start":{"line":68,"column":16},"end":{"line":68,"column":17}},"loc":{"start":{"line":68,"column":31},"end":{"line":70,"column":null}},"line":68},"9":{"name":"(anonymous_9)","decl":{"start":{"line":71,"column":15},"end":{"line":71,"column":21}},"loc":{"start":{"line":71,"column":21},"end":{"line":74,"column":null}},"line":71},"10":{"name":"(anonymous_10)","decl":{"start":{"line":75,"column":13},"end":{"line":75,"column":19}},"loc":{"start":{"line":75,"column":19},"end":{"line":77,"column":null}},"line":75},"11":{"name":"(anonymous_11)","decl":{"start":{"line":81,"column":21},"end":{"line":81,"column":22}},"loc":{"start":{"line":81,"column":39},"end":{"line":108,"column":null}},"line":81},"12":{"name":"(anonymous_12)","decl":{"start":{"line":91,"column":44},"end":{"line":91,"column":51}},"loc":{"start":{"line":91,"column":44},"end":{"line":91,"column":105}},"line":91},"13":{"name":"(anonymous_13)","decl":{"start":{"line":110,"column":23},"end":{"line":110,"column":24}},"loc":{"start":{"line":110,"column":38},"end":{"line":118,"column":null}},"line":110},"14":{"name":"(anonymous_14)","decl":{"start":{"line":112,"column":42},"end":{"line":112,"column":47}},"loc":{"start":{"line":112,"column":47},"end":{"line":112,"column":65}},"line":112},"15":{"name":"(anonymous_15)","decl":{"start":{"line":120,"column":21},"end":{"line":120,"column":22}},"loc":{"start":{"line":120,"column":34},"end":{"line":120,"column":null}},"line":120},"16":{"name":"(anonymous_16)","decl":{"start":{"line":121,"column":27},"end":{"line":121,"column":33}},"loc":{"start":{"line":121,"column":33},"end":{"line":121,"column":null}},"line":121},"17":{"name":"(anonymous_17)","decl":{"start":{"line":157,"column":27},"end":{"line":157,"column":33}},"loc":{"start":{"line":157,"column":33},"end":{"line":163,"column":null}},"line":157}},"branchMap":{"0":{"loc":{"start":{"line":41,"column":6},"end":{"line":45,"column":null}},"type":"if","locations":[{"start":{"line":41,"column":6},"end":{"line":45,"column":null}},{"start":{"line":43,"column":13},"end":{"line":45,"column":null}}],"line":41},"1":{"loc":{"start":{"line":48,"column":22},"end":{"line":48,"column":null}},"type":"cond-expr","locations":[{"start":{"line":48,"column":40},"end":{"line":48,"column":76}},{"start":{"line":48,"column":76},"end":{"line":48,"column":null}}],"line":48},"2":{"loc":{"start":{"line":53,"column":6},"end":{"line":58,"column":null}},"type":"if","locations":[{"start":{"line":53,"column":6},"end":{"line":58,"column":null}},{"start":{"line":55,"column":13},"end":{"line":58,"column":null}}],"line":53},"3":{"loc":{"start":{"line":83,"column":28},"end":{"line":83,"column":53}},"type":"binary-expr","locations":[{"start":{"line":83,"column":28},"end":{"line":83,"column":49}},{"start":{"line":83,"column":49},"end":{"line":83,"column":53}}],"line":83},"4":{"loc":{"start":{"line":85,"column":4},"end":{"line":88,"column":null}},"type":"if","locations":[{"start":{"line":85,"column":4},"end":{"line":88,"column":null}},{"start":{},"end":{}}],"line":85},"5":{"loc":{"start":{"line":91,"column":23},"end":{"line":91,"column":39}},"type":"binary-expr","locations":[{"start":{"line":91,"column":23},"end":{"line":91,"column":35}},{"start":{"line":91,"column":35},"end":{"line":91,"column":39}}],"line":91},"6":{"loc":{"start":{"line":91,"column":51},"end":{"line":91,"column":65}},"type":"binary-expr","locations":[{"start":{"line":91,"column":51},"end":{"line":91,"column":61}},{"start":{"line":91,"column":61},"end":{"line":91,"column":65}}],"line":91},"7":{"loc":{"start":{"line":93,"column":4},"end":{"line":105,"column":null}},"type":"if","locations":[{"start":{"line":93,"column":4},"end":{"line":105,"column":null}},{"start":{"line":99,"column":11},"end":{"line":105,"column":null}}],"line":93},"8":{"loc":{"start":{"line":95,"column":6},"end":{"line":98,"column":null}},"type":"if","locations":[{"start":{"line":95,"column":6},"end":{"line":98,"column":null}},{"start":{},"end":{}}],"line":95},"9":{"loc":{"start":{"line":95,"column":10},"end":{"line":95,"column":60}},"type":"binary-expr","locations":[{"start":{"line":95,"column":10},"end":{"line":95,"column":23}},{"start":{"line":95,"column":23},"end":{"line":95,"column":60}}],"line":95},"10":{"loc":{"start":{"line":101,"column":6},"end":{"line":104,"column":null}},"type":"if","locations":[{"start":{"line":101,"column":6},"end":{"line":104,"column":null}},{"start":{},"end":{}}],"line":101},"11":{"loc":{"start":{"line":112,"column":21},"end":{"line":112,"column":37}},"type":"binary-expr","locations":[{"start":{"line":112,"column":21},"end":{"line":112,"column":33}},{"start":{"line":112,"column":33},"end":{"line":112,"column":37}}],"line":112},"12":{"loc":{"start":{"line":113,"column":25},"end":{"line":113,"column":null}},"type":"cond-expr","locations":[{"start":{"line":113,"column":35},"end":{"line":113,"column":50}},{"start":{"line":113,"column":50},"end":{"line":113,"column":null}}],"line":113},"13":{"loc":{"start":{"line":115,"column":4},"end":{"line":117,"column":null}},"type":"if","locations":[{"start":{"line":115,"column":4},"end":{"line":117,"column":null}},{"start":{},"end":{}}],"line":115},"14":{"loc":{"start":{"line":126,"column":16},"end":{"line":126,"column":null}},"type":"binary-expr","locations":[{"start":{"line":126,"column":16},"end":{"line":126,"column":28}},{"start":{"line":126,"column":28},"end":{"line":126,"column":null}}],"line":126},"15":{"loc":{"start":{"line":159,"column":2},"end":{"line":161,"column":null}},"type":"if","locations":[{"start":{"line":159,"column":2},"end":{"line":161,"column":null}},{"start":{},"end":{}}],"line":159}},"s":{"0":3,"1":3,"2":18,"3":18,"4":18,"5":18,"6":18,"7":18,"8":18,"9":9,"10":8,"11":18,"12":3,"13":3,"14":0,"15":18,"16":2,"17":0,"18":2,"19":1,"20":1,"21":1,"22":0,"23":1,"24":1,"25":1,"26":1,"27":18,"28":1,"29":1,"30":1,"31":0,"32":18,"33":2,"34":2,"35":0,"36":0,"37":2,"38":2,"39":2,"40":0,"41":0,"42":0,"43":2,"44":0,"45":0,"46":2,"47":18,"48":1,"49":1,"50":1,"51":1,"52":1,"53":18,"54":0,"55":18,"56":0,"57":18,"58":3,"59":129,"60":129,"61":0,"62":129},"f":{"0":18,"1":9,"2":3,"3":0,"4":2,"5":1,"6":1,"7":1,"8":1,"9":1,"10":0,"11":2,"12":2,"13":1,"14":1,"15":0,"16":0,"17":129},"b":{"0":[0,2],"1":[0,1],"2":[0,1],"3":[2,0],"4":[0,2],"5":[2,0],"6":[2,0],"7":[0,2],"8":[0,0],"9":[0,0],"10":[0,2],"11":[1,0],"12":[1,0],"13":[1,0],"14":[18,7],"15":[0,129]},"meta":{"lastBranch":16,"lastFunction":18,"lastStatement":63,"seen":{"s:7:6:7:Infinity":0,"s:9:31:155:Infinity":1,"f:9:31:9:32":0,"s:10:44:10:Infinity":2,"s:11:30:11:Infinity":3,"s:13:44:13:Infinity":4,"s:14:34:14:Infinity":5,"s:15:8:15:Infinity":6,"s:16:8:16:Infinity":7,"s:23:2:29:Infinity":8,"f:25:13:25:20":1,"s:26:23:26:Infinity":9,"s:27:6:27:Infinity":10,"s:31:26:34:Infinity":11,"f:31:26:31:27":2,"s:32:4:32:Infinity":12,"s:33:4:33:Infinity":13,"f:33:15:33:21":3,"s:33:21:33:59":14,"s:39:8:64:Infinity":15,"f:40:16:40:17":4,"b:41:6:45:Infinity:43:13:45:Infinity":0,"s:41:6:45:Infinity":16,"s:42:8:42:Infinity":17,"s:44:8:44:Infinity":18,"f:47:15:47:21":5,"s:48:22:48:Infinity":19,"b:48:40:48:76:48:76:48:Infinity":1,"s:49:6:49:Infinity":20,"b:53:6:58:Infinity:55:13:58:Infinity":2,"s:53:6:58:Infinity":21,"s:54:8:54:Infinity":22,"s:57:8:57:Infinity":23,"f:57:27:57:35":6,"s:57:35:57:40":24,"s:59:6:59:Infinity":25,"f:61:13:61:19":7,"s:62:6:62:Infinity":26,"s:67:8:78:Infinity":27,"f:68:16:68:17":8,"s:69:6:69:Infinity":28,"f:71:15:71:21":9,"s:72:6:72:Infinity":29,"s:73:6:73:Infinity":30,"f:75:13:75:19":10,"s:76:6:76:Infinity":31,"s:81:21:108:Infinity":32,"f:81:21:81:22":11,"s:83:10:83:Infinity":33,"b:83:28:83:49:83:49:83:53":3,"b:85:4:88:Infinity:undefined:undefined:undefined:undefined":4,"s:85:4:88:Infinity":34,"s:86:6:86:Infinity":35,"s:87:6:87:Infinity":36,"s:91:10:91:Infinity":37,"b:91:23:91:35:91:35:91:39":5,"f:91:44:91:51":12,"s:91:44:91:105":38,"b:91:51:91:61:91:61:91:65":6,"b:93:4:105:Infinity:99:11:105:Infinity":7,"s:93:4:105:Infinity":39,"b:95:6:98:Infinity:undefined:undefined:undefined:undefined":8,"s:95:6:98:Infinity":40,"b:95:10:95:23:95:23:95:60":9,"s:96:8:96:Infinity":41,"s:97:8:97:Infinity":42,"b:101:6:104:Infinity:undefined:undefined:undefined:undefined":10,"s:101:6:104:Infinity":43,"s:102:8:102:Infinity":44,"s:103:8:103:Infinity":45,"s:107:4:107:Infinity":46,"s:110:23:118:Infinity":47,"f:110:23:110:24":13,"s:112:10:112:Infinity":48,"b:112:21:112:33:112:33:112:37":11,"f:112:42:112:47":14,"s:112:47:112:65":49,"s:113:25:113:Infinity":50,"b:113:35:113:50:113:50:113:Infinity":12,"b:115:4:117:Infinity:undefined:undefined:undefined:undefined":13,"s:115:4:117:Infinity":51,"s:116:6:116:Infinity":52,"s:120:21:120:Infinity":53,"f:120:21:120:22":15,"s:120:34:120:Infinity":54,"s:121:27:121:Infinity":55,"f:121:27:121:33":16,"s:121:33:121:Infinity":56,"s:123:2:153:Infinity":57,"b:126:16:126:28:126:28:126:Infinity":14,"s:157:27:163:Infinity":58,"f:157:27:157:33":17,"s:158:8:158:Infinity":59,"b:159:2:161:Infinity:undefined:undefined:undefined:undefined":15,"s:159:2:161:Infinity":60,"s:160:4:160:Infinity":61,"s:162:2:162:Infinity":62}}}
,"C:\\Users\\perit\\infnet\\react\\gestao-academia\\src\\hooks\\useClienteForm.js": {"path":"C:\\Users\\perit\\infnet\\react\\gestao-academia\\src\\hooks\\useClienteForm.js","statementMap":{"0":{"start":{"line":4,"column":30},"end":{"line":54,"column":1}},"1":{"start":{"line":7,"column":25},"end":{"line":7,"column":38}},"2":{"start":{"line":8,"column":27},"end":{"line":8,"column":50}},"3":{"start":{"line":9,"column":29},"end":{"line":9,"column":47}},"4":{"start":{"line":11,"column":35},"end":{"line":11,"column":48}},"5":{"start":{"line":14,"column":1},"end":{"line":40,"column":41}},"6":{"start":{"line":17,"column":4},"end":{"line":34,"column":5}},"7":{"start":{"line":19,"column":6},"end":{"line":19,"column":36}},"8":{"start":{"line":20,"column":6},"end":{"line":20,"column":38}},"9":{"start":{"line":21,"column":6},"end":{"line":21,"column":40}},"10":{"start":{"line":23,"column":6},"end":{"line":27,"column":7}},"11":{"start":{"line":24,"column":8},"end":{"line":24,"column":60}},"12":{"start":{"line":26,"column":8},"end":{"line":26,"column":54}},"13":{"start":{"line":30,"column":6},"end":{"line":30,"column":18}},"14":{"start":{"line":31,"column":6},"end":{"line":31,"column":29}},"15":{"start":{"line":32,"column":6},"end":{"line":32,"column":25}},"16":{"start":{"line":33,"column":6},"end":{"line":33,"column":23}},"17":{"start":{"line":43,"column":2},"end":{"line":53,"column":4}}},"fnMap":{"0":{"name":"(anonymous_0)","decl":{"start":{"line":4,"column":30},"end":{"line":4,"column":31}},"loc":{"start":{"line":4,"column":68},"end":{"line":54,"column":1}},"line":4},"1":{"name":"(anonymous_1)","decl":{"start":{"line":14,"column":12},"end":{"line":14,"column":13}},"loc":{"start":{"line":14,"column":18},"end":{"line":40,"column":3}},"line":14}},"branchMap":{"0":{"loc":{"start":{"line":17,"column":4},"end":{"line":34,"column":5}},"type":"if","locations":[{"start":{"line":17,"column":4},"end":{"line":34,"column":5}},{"start":{"line":28,"column":11},"end":{"line":34,"column":5}}],"line":17},"1":{"loc":{"start":{"line":23,"column":6},"end":{"line":27,"column":7}},"type":"if","locations":[{"start":{"line":23,"column":6},"end":{"line":27,"column":7}},{"start":{"line":25,"column":13},"end":{"line":27,"column":7}}],"line":23},"2":{"loc":{"start":{"line":23,"column":10},"end":{"line":23,"column":84}},"type":"binary-expr","locations":[{"start":{"line":23,"column":10},"end":{"line":23,"column":35}},{"start":{"line":23,"column":39},"end":{"line":23,"column":84}}],"line":23},"3":{"loc":{"start":{"line":24,"column":21},"end":{"line":24,"column":58}},"type":"binary-expr","locations":[{"start":{"line":24,"column":21},"end":{"line":24,"column":52}},{"start":{"line":24,"column":56},"end":{"line":24,"column":58}}],"line":24},"4":{"loc":{"start":{"line":26,"column":21},"end":{"line":26,"column":52}},"type":"binary-expr","locations":[{"start":{"line":26,"column":21},"end":{"line":26,"column":46}},{"start":{"line":26,"column":50},"end":{"line":26,"column":52}}],"line":26}},"s":{"0":3,"1":71,"2":71,"3":71,"4":71,"5":71,"6":11,"7":1,"8":1,"9":1,"10":1,"11":0,"12":1,"13":10,"14":10,"15":10,"16":10,"17":71},"f":{"0":71,"1":11},"b":{"0":[1,10],"1":[0,1],"2":[1,0],"3":[0,0],"4":[1,1]},"meta":{"lastBranch":5,"lastFunction":2,"lastStatement":18,"seen":{"s:4:30:54:1":0,"f:4:30:4:31":0,"s:7:25:7:38":1,"s:8:27:8:50":2,"s:9:29:9:47":3,"s:11:35:11:48":4,"s:14:1:40:41":5,"f:14:12:14:13":1,"b:17:4:34:5:28:11:34:5":0,"s:17:4:34:5":6,"s:19:6:19:36":7,"s:20:6:20:38":8,"s:21:6:21:40":9,"b:23:6:27:7:25:13:27:7":1,"s:23:6:27:7":10,"b:23:10:23:35:23:39:23:84":2,"s:24:8:24:60":11,"b:24:21:24:52:24:56:24:58":3,"s:26:8:26:54":12,"b:26:21:26:46:26:50:26:52":4,"s:30:6:30:18":13,"s:31:6:31:29":14,"s:32:6:32:25":15,"s:33:6:33:23":16,"s:43:2:53:4":17}}}
,"C:\\Users\\perit\\infnet\\react\\gestao-academia\\src\\hooks\\useDebounce.js": {"path":"C:\\Users\\perit\\infnet\\react\\gestao-academia\\src\\hooks\\useDebounce.js","statementMap":{"0":{"start":{"line":5,"column":27},"end":{"line":26,"column":1}},"1":{"start":{"line":7,"column":45},"end":{"line":7,"column":61}},"2":{"start":{"line":9,"column":1},"end":{"line":22,"column":21}},"3":{"start":{"line":11,"column":20},"end":{"line":14,"column":13}},"4":{"start":{"line":13,"column":6},"end":{"line":13,"column":31}},"5":{"start":{"line":19,"column":4},"end":{"line":21,"column":6}},"6":{"start":{"line":20,"column":6},"end":{"line":20,"column":28}},"7":{"start":{"line":25,"column":2},"end":{"line":25,"column":24}}},"fnMap":{"0":{"name":"(anonymous_0)","decl":{"start":{"line":5,"column":27},"end":{"line":5,"column":28}},"loc":{"start":{"line":5,"column":45},"end":{"line":26,"column":1}},"line":5},"1":{"name":"(anonymous_1)","decl":{"start":{"line":9,"column":12},"end":{"line":9,"column":13}},"loc":{"start":{"line":9,"column":18},"end":{"line":22,"column":3}},"line":9},"2":{"name":"(anonymous_2)","decl":{"start":{"line":11,"column":31},"end":{"line":11,"column":32}},"loc":{"start":{"line":11,"column":37},"end":{"line":14,"column":5}},"line":11},"3":{"name":"(anonymous_3)","decl":{"start":{"line":19,"column":11},"end":{"line":19,"column":12}},"loc":{"start":{"line":19,"column":17},"end":{"line":21,"column":5}},"line":19}},"branchMap":{},"s":{"0":4,"1":28,"2":28,"3":15,"4":4,"5":15,"6":15,"7":28},"f":{"0":28,"1":15,"2":4,"3":15},"b":{},"meta":{"lastBranch":0,"lastFunction":4,"lastStatement":8,"seen":{"s:5:27:26:1":0,"f:5:27:5:28":0,"s:7:45:7:61":1,"s:9:1:22:21":2,"f:9:12:9:13":1,"s:11:20:14:13":3,"f:11:31:11:32":2,"s:13:6:13:31":4,"s:19:4:21:6":5,"f:19:11:19:12":3,"s:20:6:20:28":6,"s:25:2:25:24":7}}}
,"C:\\Users\\perit\\infnet\\react\\gestao-academia\\src\\mocks\\handlers.js": {"path":"C:\\Users\\perit\\infnet\\react\\gestao-academia\\src\\mocks\\handlers.js","statementMap":{"0":{"start":{"line":7,"column":17},"end":{"line":9,"column":1}},"1":{"start":{"line":11,"column":24},"end":{"line":48,"column":1}},"2":{"start":{"line":15,"column":16},"end":{"line":15,"column":36}},"3":{"start":{"line":16,"column":23},"end":{"line":16,"column":48}},"4":{"start":{"line":17,"column":15},"end":{"line":17,"column":25}},"5":{"start":{"line":18,"column":4},"end":{"line":20,"column":5}},"6":{"start":{"line":19,"column":6},"end":{"line":19,"column":93}},"7":{"start":{"line":19,"column":36},"end":{"line":19,"column":91}},"8":{"start":{"line":21,"column":4},"end":{"line":21,"column":35}},"9":{"start":{"line":26,"column":24},"end":{"line":26,"column":44}},"10":{"start":{"line":27,"column":4},"end":{"line":27,"column":56}},"11":{"start":{"line":28,"column":4},"end":{"line":28,"column":33}},"12":{"start":{"line":29,"column":4},"end":{"line":29,"column":59}},"13":{"start":{"line":34,"column":4},"end":{"line":34,"column":60}},"14":{"start":{"line":34,"column":40},"end":{"line":34,"column":58}},"15":{"start":{"line":35,"column":4},"end":{"line":35,"column":51}},"16":{"start":{"line":40,"column":15},"end":{"line":43,"column":5}},"17":{"start":{"line":44,"column":4},"end":{"line":44,"column":33}},"18":{"start":{"line":47,"column":68},"end":{"line":47,"column":107}}},"fnMap":{"0":{"name":"(anonymous_0)","decl":{"start":{"line":13,"column":45},"end":{"line":13,"column":46}},"loc":{"start":{"line":13,"column":62},"end":{"line":22,"column":3}},"line":13},"1":{"name":"(anonymous_1)","decl":{"start":{"line":19,"column":31},"end":{"line":19,"column":32}},"loc":{"start":{"line":19,"column":36},"end":{"line":19,"column":91}},"line":19},"2":{"name":"(anonymous_2)","decl":{"start":{"line":25,"column":46},"end":{"line":25,"column":51}},"loc":{"start":{"line":25,"column":69},"end":{"line":30,"column":3}},"line":25},"3":{"name":"(anonymous_3)","decl":{"start":{"line":33,"column":52},"end":{"line":33,"column":53}},"loc":{"start":{"line":33,"column":68},"end":{"line":36,"column":3}},"line":33},"4":{"name":"(anonymous_4)","decl":{"start":{"line":34,"column":35},"end":{"line":34,"column":36}},"loc":{"start":{"line":34,"column":40},"end":{"line":34,"column":58}},"line":34},"5":{"name":"(anonymous_5)","decl":{"start":{"line":38,"column":58},"end":{"line":38,"column":59}},"loc":{"start":{"line":38,"column":64},"end":{"line":45,"column":3}},"line":38},"6":{"name":"(anonymous_6)","decl":{"start":{"line":47,"column":62},"end":{"line":47,"column":63}},"loc":{"start":{"line":47,"column":68},"end":{"line":47,"column":107}},"line":47}},"branchMap":{"0":{"loc":{"start":{"line":18,"column":4},"end":{"line":20,"column":5}},"type":"if","locations":[{"start":{"line":18,"column":4},"end":{"line":20,"column":5}},{"start":{},"end":{}}],"line":18}},"s":{"0":6,"1":6,"2":9,"3":9,"4":9,"5":9,"6":0,"7":0,"8":9,"9":1,"10":1,"11":1,"12":1,"13":1,"14":2,"15":1,"16":6,"17":6,"18":0},"f":{"0":9,"1":0,"2":1,"3":1,"4":2,"5":6,"6":0},"b":{"0":[0,9]},"meta":{"lastBranch":1,"lastFunction":7,"lastStatement":19,"seen":{"s:7:17:9:1":0,"s:11:24:48:1":1,"f:13:45:13:46":0,"s:15:16:15:36":2,"s:16:23:16:48":3,"s:17:15:17:25":4,"b:18:4:20:5:undefined:undefined:undefined:undefined":0,"s:18:4:20:5":5,"s:19:6:19:93":6,"f:19:31:19:32":1,"s:19:36:19:91":7,"s:21:4:21:35":8,"f:25:46:25:51":2,"s:26:24:26:44":9,"s:27:4:27:56":10,"s:28:4:28:33":11,"s:29:4:29:59":12,"f:33:52:33:53":3,"s:34:4:34:60":13,"f:34:35:34:36":4,"s:34:40:34:58":14,"s:35:4:35:51":15,"f:38:58:38:59":5,"s:40:15:43:5":16,"s:44:4:44:33":17,"f:47:62:47:63":6,"s:47:68:47:107":18}}}
,"C:\\Users\\perit\\infnet\\react\\gestao-academia\\src\\mocks\\server.js": {"path":"C:\\Users\\perit\\infnet\\react\\gestao-academia\\src\\mocks\\server.js","statementMap":{"0":{"start":{"line":6,"column":21},"end":{"line":6,"column":46}}},"fnMap":{},"branchMap":{},"s":{"0":6},"f":{},"b":{},"meta":{"lastBranch":0,"lastFunction":0,"lastStatement":1,"seen":{"s:6:21:6:46":0}}}
,"C:\\Users\\perit\\infnet\\react\\gestao-academia\\src\\pages\\InstrutoresPage.jsx": {"path":"C:\\Users\\perit\\infnet\\react\\gestao-academia\\src\\pages\\InstrutoresPage.jsx","statementMap":{"0":{"start":{"line":6,"column":25},"end":{"line":53,"column":null}},"1":{"start":{"line":9,"column":26},"end":{"line":9,"column":null}},"2":{"start":{"line":13,"column":2},"end":{"line":17,"column":null}},"3":{"start":{"line":14,"column":4},"end":{"line":16,"column":null}},"4":{"start":{"line":15,"column":6},"end":{"line":15,"column":null}},"5":{"start":{"line":21,"column":25},"end":{"line":31,"column":null}},"6":{"start":{"line":22,"column":15},"end":{"line":26,"column":null}},"7":{"start":{"line":24,"column":6},"end":{"line":24,"column":null}},"8":{"start":{"line":25,"column":6},"end":{"line":25,"column":null}},"9":{"start":{"line":28,"column":4},"end":{"line":30,"column":null}},"10":{"start":{"line":29,"column":6},"end":{"line":29,"column":null}},"11":{"start":{"line":29,"column":45},"end":{"line":29,"column":61}},"12":{"start":{"line":33,"column":2},"end":{"line":52,"column":null}},"13":{"start":{"line":35,"column":21},"end":{"line":43,"column":null}},"14":{"start":{"line":46,"column":4},"end":{"line":46,"column":null}},"15":{"start":{"line":50,"column":4},"end":{"line":50,"column":null}},"16":{"start":{"line":51,"column":4},"end":{"line":51,"column":null}},"17":{"start":{"line":55,"column":24},"end":{"line":98,"column":null}},"18":{"start":{"line":61,"column":2},"end":{"line":64,"column":null}},"19":{"start":{"line":66,"column":2},"end":{"line":68,"column":null}},"20":{"start":{"line":67,"column":4},"end":{"line":67,"column":null}},"21":{"start":{"line":70,"column":2},"end":{"line":72,"column":null}},"22":{"start":{"line":71,"column":4},"end":{"line":71,"column":null}},"23":{"start":{"line":74,"column":2},"end":{"line":96,"column":null}},"24":{"start":{"line":79,"column":10},"end":{"line":93,"column":null}}},"fnMap":{"0":{"name":"(anonymous_0)","decl":{"start":{"line":6,"column":25},"end":{"line":6,"column":32}},"loc":{"start":{"line":6,"column":47},"end":{"line":53,"column":null}},"line":6},"1":{"name":"(anonymous_1)","decl":{"start":{"line":14,"column":37},"end":{"line":14,"column":43}},"loc":{"start":{"line":14,"column":43},"end":{"line":16,"column":5}},"line":14},"2":{"name":"(anonymous_2)","decl":{"start":{"line":21,"column":37},"end":{"line":21,"column":38}},"loc":{"start":{"line":21,"column":52},"end":{"line":31,"column":3}},"line":21},"3":{"name":"(anonymous_3)","decl":{"start":{"line":22,"column":26},"end":{"line":22,"column":32}},"loc":{"start":{"line":22,"column":32},"end":{"line":26,"column":7}},"line":22},"4":{"name":"(anonymous_4)","decl":{"start":{"line":29,"column":39},"end":{"line":29,"column":45}},"loc":{"start":{"line":29,"column":45},"end":{"line":29,"column":61}},"line":29},"5":{"name":"(anonymous_5)","decl":{"start":{"line":55,"column":24},"end":{"line":55,"column":30}},"loc":{"start":{"line":55,"column":30},"end":{"line":98,"column":null}},"line":55},"6":{"name":"(anonymous_6)","decl":{"start":{"line":78,"column":25},"end":{"line":78,"column":null}},"loc":{"start":{"line":79,"column":10},"end":{"line":93,"column":null}},"line":79}},"branchMap":{"0":{"loc":{"start":{"line":13,"column":2},"end":{"line":17,"column":null}},"type":"if","locations":[{"start":{"line":13,"column":2},"end":{"line":17,"column":null}},{"start":{},"end":{}}],"line":13},"1":{"loc":{"start":{"line":28,"column":4},"end":{"line":30,"column":null}},"type":"if","locations":[{"start":{"line":28,"column":4},"end":{"line":30,"column":null}},{"start":{},"end":{}}],"line":28},"2":{"loc":{"start":{"line":50,"column":44},"end":{"line":50,"column":66}},"type":"binary-expr","locations":[{"start":{"line":50,"column":44},"end":{"line":50,"column":53}},{"start":{"line":50,"column":53},"end":{"line":50,"column":66}}],"line":50},"3":{"loc":{"start":{"line":66,"column":2},"end":{"line":68,"column":null}},"type":"if","locations":[{"start":{"line":66,"column":2},"end":{"line":68,"column":null}},{"start":{},"end":{}}],"line":66},"4":{"loc":{"start":{"line":70,"column":2},"end":{"line":72,"column":null}},"type":"if","locations":[{"start":{"line":70,"column":2},"end":{"line":72,"column":null}},{"start":{},"end":{}}],"line":70}},"s":{"0":2,"1":3,"2":3,"3":3,"4":0,"5":3,"6":3,"7":0,"8":0,"9":3,"10":3,"11":0,"12":3,"13":3,"14":1,"15":2,"16":2,"17":2,"18":6,"19":6,"20":3,"21":3,"22":2,"23":1,"24":2},"f":{"0":3,"1":0,"2":3,"3":0,"4":0,"5":6,"6":2},"b":{"0":[3,0],"1":[3,0],"2":[2,2],"3":[3,3],"4":[2,1]},"meta":{"lastBranch":5,"lastFunction":7,"lastStatement":25,"seen":{"s:6:25:53:Infinity":0,"f:6:25:6:32":0,"s:9:26:9:Infinity":1,"b:13:2:17:Infinity:undefined:undefined:undefined:undefined":0,"s:13:2:17:Infinity":2,"s:14:4:16:Infinity":3,"f:14:37:14:43":1,"s:15:6:15:Infinity":4,"s:21:25:31:Infinity":5,"f:21:37:21:38":2,"s:22:15:26:Infinity":6,"f:22:26:22:32":3,"s:24:6:24:Infinity":7,"s:25:6:25:Infinity":8,"b:28:4:30:Infinity:undefined:undefined:undefined:undefined":1,"s:28:4:30:Infinity":9,"s:29:6:29:Infinity":10,"f:29:39:29:45":4,"s:29:45:29:61":11,"s:33:2:52:Infinity":12,"s:35:21:43:Infinity":13,"s:46:4:46:Infinity":14,"s:50:4:50:Infinity":15,"b:50:44:50:53:50:53:50:66":2,"s:51:4:51:Infinity":16,"s:55:24:98:Infinity":17,"f:55:24:55:30":5,"s:61:2:64:Infinity":18,"b:66:2:68:Infinity:undefined:undefined:undefined:undefined":3,"s:66:2:68:Infinity":19,"s:67:4:67:Infinity":20,"b:70:2:72:Infinity:undefined:undefined:undefined:undefined":4,"s:70:2:72:Infinity":21,"s:71:4:71:Infinity":22,"s:74:2:96:Infinity":23,"f:78:25:78:Infinity":6,"s:79:10:93:Infinity":24}}}
,"C:\\Users\\perit\\infnet\\react\\gestao-academia\\src\\pages\\ListagemClientes.jsx": {"path":"C:\\Users\\perit\\infnet\\react\\gestao-academia\\src\\pages\\ListagemClientes.jsx","statementMap":{"0":{"start":{"line":10,"column":25},"end":{"line":52,"column":null}},"1":{"start":{"line":18,"column":2},"end":{"line":18,"column":null}},"2":{"start":{"line":20,"column":2},"end":{"line":50,"column":null}},"3":{"start":{"line":44,"column":27},"end":{"line":44,"column":null}}},"fnMap":{"0":{"name":"(anonymous_0)","decl":{"start":{"line":10,"column":25},"end":{"line":10,"column":31}},"loc":{"start":{"line":10,"column":31},"end":{"line":52,"column":null}},"line":10},"1":{"name":"(anonymous_1)","decl":{"start":{"line":44,"column":20},"end":{"line":44,"column":21}},"loc":{"start":{"line":44,"column":27},"end":{"line":44,"column":null}},"line":44}},"branchMap":{"0":{"loc":{"start":{"line":35,"column":9},"end":{"line":35,"column":null}},"type":"binary-expr","locations":[{"start":{"line":35,"column":9},"end":{"line":35,"column":31}},{"start":{"line":35,"column":31},"end":{"line":35,"column":null}}],"line":35}},"s":{"0":2,"1":11,"2":11,"3":0},"f":{"0":11,"1":0},"b":{"0":[11,3]},"meta":{"lastBranch":1,"lastFunction":2,"lastStatement":4,"seen":{"s:10:25:52:Infinity":0,"f:10:25:10:31":0,"s:18:2:18:Infinity":1,"s:20:2:50:Infinity":2,"b:35:9:35:31:35:31:35:Infinity":0,"f:44:20:44:21":1,"s:44:27:44:Infinity":3}}}
,"C:\\Users\\perit\\infnet\\react\\gestao-academia\\src\\pages\\LoginPage.jsx": {"path":"C:\\Users\\perit\\infnet\\react\\gestao-academia\\src\\pages\\LoginPage.jsx","statementMap":{"0":{"start":{"line":7,"column":18},"end":{"line":44,"column":null}},"1":{"start":{"line":9,"column":16},"end":{"line":9,"column":null}},"2":{"start":{"line":10,"column":8},"end":{"line":10,"column":null}},"3":{"start":{"line":12,"column":22},"end":{"line":15,"column":null}},"4":{"start":{"line":13,"column":4},"end":{"line":13,"column":null}},"5":{"start":{"line":14,"column":4},"end":{"line":14,"column":null}},"6":{"start":{"line":17,"column":2},"end":{"line":42,"column":null}}},"fnMap":{"0":{"name":"(anonymous_0)","decl":{"start":{"line":7,"column":18},"end":{"line":7,"column":24}},"loc":{"start":{"line":7,"column":24},"end":{"line":44,"column":null}},"line":7},"1":{"name":"(anonymous_1)","decl":{"start":{"line":12,"column":22},"end":{"line":12,"column":28}},"loc":{"start":{"line":12,"column":28},"end":{"line":15,"column":null}},"line":12}},"branchMap":{},"s":{"0":1,"1":6,"2":6,"3":6,"4":2,"5":2,"6":6},"f":{"0":6,"1":2},"b":{},"meta":{"lastBranch":0,"lastFunction":2,"lastStatement":7,"seen":{"s:7:18:44:Infinity":0,"f:7:18:7:24":0,"s:9:16:9:Infinity":1,"s:10:8:10:Infinity":2,"s:12:22:15:Infinity":3,"f:12:22:12:28":1,"s:13:4:13:Infinity":4,"s:14:4:14:Infinity":5,"s:17:2:42:Infinity":6}}}
,"C:\\Users\\perit\\infnet\\react\\gestao-academia\\src\\services\\api.js": {"path":"C:\\Users\\perit\\infnet\\react\\gestao-academia\\src\\services\\api.js","statementMap":{"0":{"start":{"line":4,"column":12},"end":{"line":6,"column":2}}},"fnMap":{},"branchMap":{},"s":{"0":3},"f":{},"b":{},"meta":{"lastBranch":0,"lastFunction":0,"lastStatement":1,"seen":{"s:4:12:6:2":0}}}
}
